C:\Program Files (x86)\Microsoft Visual Studio\2017\Community\Common7\IDE\VC\VCTargets\Microsoft.CppBuild.targets(391,5): warning MSB8028: The intermediate directory (Debug\) contains files shared from another project (DM2122Prac.vcxproj).  This can lead to incorrect clean and rebuild behavior.
  Application.cpp
  Barrier.cpp
d:\documents\github\sp2\dm2122prac\source\barrier.cpp(31): warning C4018: '<': signed/unsigned mismatch
d:\documents\github\sp2\dm2122prac\source\barrier.cpp(77): warning C4244: 'return': conversion from '_Ty' to 'int', possible loss of data
          with
          [
              _Ty=float
          ]
d:\documents\github\sp2\dm2122prac\source\barrier.cpp(82): warning C4244: 'return': conversion from '_Ty' to 'int', possible loss of data
          with
          [
              _Ty=float
          ]
  Buff.cpp
d:\documents\github\sp2\dm2122prac\source\buff.cpp(58): warning C4244: 'return': conversion from 'float' to 'int', possible loss of data
  Camera.cpp
  Camera3.cpp
  Car.cpp
  Coins.cpp
  FPSCamera.cpp
d:\documents\github\sp2\dm2122prac\source\fpscamera.cpp(83): warning C4244: 'argument': conversion from 'double' to 'float', possible loss of data
d:\documents\github\sp2\dm2122prac\source\fpscamera.cpp(87): warning C4244: 'argument': conversion from 'double' to 'float', possible loss of data
d:\documents\github\sp2\dm2122prac\source\fpscamera.cpp(91): warning C4244: 'argument': conversion from 'double' to 'float', possible loss of data
d:\documents\github\sp2\dm2122prac\source\fpscamera.cpp(95): warning C4244: 'argument': conversion from 'double' to 'float', possible loss of data
  LoadOBJ.cpp
  LoadTGA.cpp
  Location.cpp
  Mesh.cpp
  MeshBuilder.cpp
  Music.cpp
  RenderStrings.cpp
  SP2_MainMenuScene.cpp
d:\documents\github\sp2\dm2122prac\source\sp2_mainmenuscene.cpp(229): warning C4305: '=': truncation from 'double' to 'float'
d:\documents\github\sp2\dm2122prac\source\sp2_mainmenuscene.cpp(242): warning C4305: '=': truncation from 'double' to 'float'
d:\documents\github\sp2\dm2122prac\source\sp2_mainmenuscene.cpp(253): warning C4244: '-=': conversion from 'double' to 'float', possible loss of data
d:\documents\github\sp2\dm2122prac\source\sp2_mainmenuscene.cpp(467): warning C4244: 'argument': conversion from 'int' to 'float', possible loss of data
  SP2_NPCScene.cpp
  SP2_SurvivalScene.cpp
d:\documents\github\sp2\dm2122prac\source\sp2_survivalscene.cpp(244): warning C4244: '+=': conversion from 'double' to 'float', possible loss of data
d:\documents\github\sp2\dm2122prac\source\sp2_survivalscene.cpp(250): warning C4244: '=': conversion from 'float' to 'int', possible loss of data
d:\documents\github\sp2\dm2122prac\source\sp2_survivalscene.cpp(567): warning C4244: 'initializing': conversion from 'double' to 'float', possible loss of data
  SP2_TrackScene.cpp
d:\documents\github\sp2\dm2122prac\source\sp2_trackscene.cpp(48): warning C4018: '<': signed/unsigned mismatch
d:\documents\github\sp2\dm2122prac\source\sp2_trackscene.cpp(54): warning C4018: '<': signed/unsigned mismatch
d:\documents\github\sp2\dm2122prac\source\sp2_trackscene.cpp(324): warning C4244: '-=': conversion from 'double' to 'float', possible loss of data
d:\documents\github\sp2\dm2122prac\source\sp2_trackscene.cpp(328): warning C4018: '<': signed/unsigned mismatch
d:\documents\github\sp2\dm2122prac\source\sp2_trackscene.cpp(339): warning C4244: '=': conversion from 'double' to 'float', possible loss of data
d:\documents\github\sp2\dm2122prac\source\sp2_trackscene.cpp(340): warning C4305: 'argument': truncation from 'double' to 'float'
d:\documents\github\sp2\dm2122prac\source\sp2_trackscene.cpp(368): warning C4244: 'argument': conversion from 'double' to 'float', possible loss of data
d:\documents\github\sp2\dm2122prac\source\sp2_trackscene.cpp(794): warning C4018: '<': signed/unsigned mismatch
d:\documents\github\sp2\dm2122prac\source\sp2_trackscene.cpp(800): warning C4244: 'argument': conversion from 'int' to 'float', possible loss of data
d:\documents\github\sp2\dm2122prac\source\sp2_trackscene.cpp(812): warning C4244: 'argument': conversion from 'int' to 'float', possible loss of data
  SpeedBuff.cpp
  Generating Code...
  Compiling...
  Traps.cpp
  Utility.cpp
  main.cpp
  shader.cpp
  Generating Code...
  LINK : D:\Documents\GitHub\SP2\Debug\Studio Project 2.exe not found or not built by the last incremental link; performing full link
LINK : warning LNK4098: defaultlib 'MSVCRT' conflicts with use of other libs; use /NODEFAULTLIB:library
  DM2122Prac.vcxproj -> D:\Documents\GitHub\SP2\Debug\Studio Project 2.exe
