d:\documents\visual studio 2017\projects\dm2122prac\dm2122prac\debug\vc141.pdb
d:\documents\visual studio 2017\projects\dm2122prac\dm2122prac\debug\vc141.idb
d:\documents\visual studio 2017\projects\dm2122prac\dm2122prac\debug\shader.obj
d:\documents\visual studio 2017\projects\dm2122prac\dm2122prac\debug\scene4.obj
d:\documents\visual studio 2017\projects\dm2122prac\dm2122prac\debug\scene3.obj
d:\documents\visual studio 2017\projects\dm2122prac\dm2122prac\debug\scene2.obj
d:\documents\visual studio 2017\projects\dm2122prac\dm2122prac\debug\scene1.obj
d:\documents\visual studio 2017\projects\dm2122prac\dm2122prac\debug\meshbuilder.obj
d:\documents\visual studio 2017\projects\dm2122prac\dm2122prac\debug\mesh.obj
d:\documents\visual studio 2017\projects\dm2122prac\dm2122prac\debug\main.obj
d:\documents\visual studio 2017\projects\dm2122prac\dm2122prac\debug\camera.obj
d:\documents\visual studio 2017\projects\dm2122prac\dm2122prac\debug\application.obj
d:\documents\visual studio 2017\projects\dm2122prac\dm2122prac\debug\assignment1.obj
d:\documents\visual studio 2017\projects\dm2122prac\dm2122prac\debug\camera2.obj
d:\documents\visual studio 2017\projects\dm2122prac\dm2122prac\debug\scenelight.obj
d:\documents\visual studio 2017\projects\dm2122prac\dm2122prac\debug\utility.obj
d:\documents\visual studio 2017\projects\dm2122prac\dm2122prac\debug\scenetexture.obj
d:\documents\visual studio 2017\projects\dm2122prac\dm2122prac\debug\loadtga.obj
d:\documents\visual studio 2017\projects\dm2122prac\debug\dm2122prac.exe
d:\documents\visual studio 2017\projects\dm2122prac\debug\dm2122prac.ilk
d:\documents\visual studio 2017\projects\dm2122prac\debug\dm2122prac.pdb
d:\documents\visual studio 2017\projects\dm2122prac\dm2122prac\debug\dm2122prac.tlog\cl.command.1.tlog
d:\documents\visual studio 2017\projects\dm2122prac\dm2122prac\debug\dm2122prac.tlog\cl.read.1.tlog
d:\documents\visual studio 2017\projects\dm2122prac\dm2122prac\debug\dm2122prac.tlog\cl.write.1.tlog
d:\documents\visual studio 2017\projects\dm2122prac\dm2122prac\debug\dm2122prac.tlog\link.command.1.tlog
d:\documents\visual studio 2017\projects\dm2122prac\dm2122prac\debug\dm2122prac.tlog\link.read.1.tlog
d:\documents\visual studio 2017\projects\dm2122prac\dm2122prac\debug\dm2122prac.tlog\link.write.1.tlog
