  Application.cpp
d:\documents\visual studio 2017\projects\dm2122prac\dm2122prac\source\application.h(5): fatal error C1083: Cannot open include file: 'timer.h': No such file or directory
  Assignment1.cpp
d:\documents\visual studio 2017\projects\dm2122prac\dm2122prac\source\camera.h(4): fatal error C1083: Cannot open include file: 'Vector3.h': No such file or directory
  Assignment2.cpp
d:\documents\visual studio 2017\projects\dm2122prac\dm2122prac\source\camera.h(4): fatal error C1083: Cannot open include file: 'Vector3.h': No such file or directory
  Camera.cpp
d:\documents\visual studio 2017\projects\dm2122prac\dm2122prac\source\camera.h(4): fatal error C1083: Cannot open include file: 'Vector3.h': No such file or directory
  Camera2.cpp
d:\documents\visual studio 2017\projects\dm2122prac\dm2122prac\source\camera.h(4): fatal error C1083: Cannot open include file: 'Vector3.h': No such file or directory
  Camera3.cpp
d:\documents\visual studio 2017\projects\dm2122prac\dm2122prac\source\camera.h(4): fatal error C1083: Cannot open include file: 'Vector3.h': No such file or directory
  LoadOBJ.cpp
d:\documents\visual studio 2017\projects\dm2122prac\dm2122prac\source\vertex.h(4): fatal error C1083: Cannot open include file: 'Vector3.h': No such file or directory
  LoadTGA.cpp
d:\documents\visual studio 2017\projects\dm2122prac\dm2122prac\source\loadtga.cpp(4): fatal error C1083: Cannot open include file: 'GL\glew.h': No such file or directory
  main.cpp
d:\documents\visual studio 2017\projects\dm2122prac\dm2122prac\source\application.h(5): fatal error C1083: Cannot open include file: 'timer.h': No such file or directory
  Mesh.cpp
d:\documents\visual studio 2017\projects\dm2122prac\dm2122prac\source\vertex.h(4): fatal error C1083: Cannot open include file: 'Vector3.h': No such file or directory
  MeshBuilder.cpp
d:\documents\visual studio 2017\projects\dm2122prac\dm2122prac\source\vertex.h(4): fatal error C1083: Cannot open include file: 'Vector3.h': No such file or directory
  SceneModel.cpp
d:\documents\visual studio 2017\projects\dm2122prac\dm2122prac\source\camera.h(4): fatal error C1083: Cannot open include file: 'Vector3.h': No such file or directory
  SceneSkybox.cpp
d:\documents\visual studio 2017\projects\dm2122prac\dm2122prac\source\camera.h(4): fatal error C1083: Cannot open include file: 'Vector3.h': No such file or directory
  SceneTexture.cpp
d:\documents\visual studio 2017\projects\dm2122prac\dm2122prac\source\camera.h(4): fatal error C1083: Cannot open include file: 'Vector3.h': No such file or directory
  Scene1.cpp
d:\documents\visual studio 2017\projects\dm2122prac\dm2122prac\source\scene1.cpp(2): fatal error C1083: Cannot open include file: 'GL\glew.h': No such file or directory
  Scene2.cpp
d:\documents\visual studio 2017\projects\dm2122prac\dm2122prac\source\scene2.cpp(2): fatal error C1083: Cannot open include file: 'GL\glew.h': No such file or directory
  Scene3.cpp
d:\documents\visual studio 2017\projects\dm2122prac\dm2122prac\source\camera.h(4): fatal error C1083: Cannot open include file: 'Vector3.h': No such file or directory
  Scene4.cpp
d:\documents\visual studio 2017\projects\dm2122prac\dm2122prac\source\camera.h(4): fatal error C1083: Cannot open include file: 'Vector3.h': No such file or directory
  SceneLight.cpp
d:\documents\visual studio 2017\projects\dm2122prac\dm2122prac\source\camera.h(4): fatal error C1083: Cannot open include file: 'Vector3.h': No such file or directory
  shader.cpp
d:\documents\visual studio 2017\projects\dm2122prac\dm2122prac\source\shader.cpp(12): fatal error C1083: Cannot open include file: 'GL/glew.h': No such file or directory
  Generating Code...
  Compiling...
  Utility.cpp
d:\documents\visual studio 2017\projects\dm2122prac\dm2122prac\source\utility.h(4): fatal error C1083: Cannot open include file: 'Mtx44.h': No such file or directory
  Generating Code...
