c:\users\gary quah\documents\github\sp2\common\debug\common.pdb
c:\users\gary quah\documents\github\sp2\common\debug\common.idb
c:\users\gary quah\documents\github\sp2\common\debug\vector3.obj
c:\users\gary quah\documents\github\sp2\common\debug\timer.obj
c:\users\gary quah\documents\github\sp2\common\debug\mtx44.obj
c:\users\gary quah\documents\github\sp2\common\debug\matrixstack.obj
c:\users\gary quah\documents\github\sp2\debug\common.lib
d:\users\539\documents\github\sp2\common\debug\matrixstack.obj
d:\users\539\documents\github\sp2\common\debug\mtx44.obj
d:\users\539\documents\github\sp2\common\debug\timer.obj
d:\users\539\documents\github\sp2\common\debug\vector3.obj
d:\users\539\documents\github\sp2\common\debug\common.idb
d:\users\539\documents\github\sp2\common\debug\common.pdb
d:\users\539\documents\github\sp2\debug\common.pdb
d:\users\539\documents\github\sp2\debug\common.lib
d:\users\539\documents\github\sp2\common\debug\common.tlog\cl.command.1.tlog
d:\users\539\documents\github\sp2\common\debug\common.tlog\cl.read.1.tlog
d:\users\539\documents\github\sp2\common\debug\common.tlog\cl.write.1.tlog
d:\users\539\documents\github\sp2\common\debug\common.tlog\lib-link.read.1.tlog
d:\users\539\documents\github\sp2\common\debug\common.tlog\lib-link.write.1.tlog
d:\users\539\documents\github\sp2\common\debug\common.tlog\lib.command.1.tlog
